Wed Mar 07 15:25:58 GMT 2018 : Apache Derby Network Server - 10.11.1.2 - (1629631) started and ready to accept connections on port 1527
----------------------------------------------------------------
Wed Mar 07 15:25:58 GMT 2018:
Booting Derby version The Apache Software Foundation - Apache Derby - 10.11.1.2 - (1629631): instance a816c00e-0162-0111-ad06-ffffa3fda2cd 
on database directory G:\Uni\third_year\DSP\faceRecognition\faceRecognitionDB with class loader sun.misc.Launcher$AppClassLoader@1d44bcfa 
Loaded from file:/C:/Program%20Files/Java/jdk1.8.0_151/db/lib/derby.jar
java.vendor=Oracle Corporation
java.runtime.version=1.8.0_151-b12
user.dir=C:\Program Files\Java\jdk1.8.0_151\db
os.name=Windows 10
os.arch=amd64
os.version=10.0
derby.system.home=G:\Uni\third_year\DSP\faceRecognition
Database Class Loader started - derby.database.classpath=''
----------------------------------------------------------------
Wed Mar 07 15:26:00 GMT 2018:
Shutting down instance a816c00e-0162-0111-ad06-ffffa3fda2cd on database directory G:\Uni\third_year\DSP\faceRecognition\faceRecognitionDB with class loader sun.misc.Launcher$AppClassLoader@1d44bcfa 
Wed Mar 07 15:26:01 GMT 2018 Thread[DRDAConnThread_3,5,main] (DATABASE = faceRecognitionDB), (DRDAID = {2}), Database 'faceRecognitionDB' shutdown.
----------------------------------------------------------------
Wed Mar 07 15:26:06 GMT 2018:
Booting Derby version The Apache Software Foundation - Apache Derby - 10.11.1.2 - (1629631): instance a65c80ac-0162-0111-ad06-ffffa3fda2cd 
on database directory G:\Uni\third_year\DSP\faceRecognition\faceRecognitionDB with class loader sun.misc.Launcher$AppClassLoader@1d44bcfa 
Loaded from file:/C:/Program%20Files/Java/jdk1.8.0_151/db/lib/derby.jar
java.vendor=Oracle Corporation
java.runtime.version=1.8.0_151-b12
user.dir=C:\Program Files\Java\jdk1.8.0_151\db
os.name=Windows 10
os.arch=amd64
os.version=10.0
derby.system.home=G:\Uni\third_year\DSP\faceRecognition
Database Class Loader started - derby.database.classpath=''
----------------------------------------------------------------
Wed Mar 07 16:41:44 GMT 2018: Shutting down Derby engine
