#
# A fatal error has been detected by the Java Runtime Environment:
#
#  EXCEPTION_UNCAUGHT_CXX_EXCEPTION (0xe06d7363) at pc=0x00007ffdc0cf3fb8, pid=9748, tid=0x00000000000010f0
#
# JRE version: Java(TM) SE Runtime Environment (8.0_151-b12) (build 1.8.0_151-b12)
# Java VM: Java HotSpot(TM) 64-Bit Server VM (25.151-b12 mixed mode windows-amd64 compressed oops)
# Problematic frame:
# C  [KERNELBASE.dll+0x13fb8]
#
# Failed to write core dump. Minidumps are not enabled by default on client versions of Windows
#
# If you would like to submit a bug report, please visit:
#   http://bugreport.java.com/bugreport/crash.jsp
# The crash happened outside the Java Virtual Machine in native code.
# See problematic frame for where to report the bug.
#

---------------  T H R E A D  ---------------

Current thread (0x00000000045e1000):  JavaThread "main" [_thread_in_native, id=4336, stack(0x0000000004460000,0x0000000004560000)]

siginfo: ExceptionCode=0xe06d7363, ExceptionInformation=0x0000000019930520 0x000000000455e030 0x00007ffd815039a8 0x00007ffd81250000 

Registers:
RAX=0x00007ffdc0b8fbae, RBX=0x000000000455f100, RCX=0x000000000455da60, RDX=0x000000000455da88
RSP=0x000000000455de90, RBP=0x000000000455dfd0, RSI=0x00007ffd815039a8, RDI=0x0000000000000071
R8 =0x00007ffdc0b7c046, R9 =0x00001e446529cbbd, R10=0x000000000455dec8, R11=0x0000000000000000
R12=0x00000000ffffffe5, R13=0x0000000000000000, R14=0x000000000455e030, R15=0x000000000455f1d8
RIP=0x00007ffdc0cf3fb8, EFLAGS=0x0000000000000206

Top of Stack: (sp=0x000000000455de90)
0x000000000455de90:   000000000455dec0 000000000455f100
0x000000000455dea0:   00007ffd815039a8 0000000000000071
0x000000000455deb0:   00000001e06d7363 0000000000000000
0x000000000455dec0:   00007ffdc0cf3fb8 0000000000000004
0x000000000455ded0:   0000000019930520 000000000455e030
0x000000000455dee0:   00007ffd815039a8 00007ffd81250000
0x000000000455def0:   00000000ffffffe5 0000000000000071
0x000000000455df00:   00007ffd815039a8 000000000455dff0
0x000000000455df10:   000000000455dfd0 00007ffdc3afc65f
0x000000000455df20:   0000000000000000 00007ffd00000000
0x000000000455df30:   00007ffd00000002 00007ffdc0c55510
0x000000000455df40:   00007ffd81530000 00007ffd81250000
0x000000000455df50:   0000a9367877be90 00007ffdc0b85f33
0x000000000455df60:   000000000455f100 00007ffd9c1344f2
0x000000000455df70:   000000000455dfa8 000000000455dfb0
0x000000000455df80:   000000000455dff8 00007ffdc0b7d1b9 

Instructions: (pc=0x00007ffdc0cf3fb8)
0x00007ffdc0cf3f98:   49 8b d1 44 0f 47 c0 44 89 44 24 38 49 c1 e0 03
0x00007ffdc0cf3fa8:   e8 ba 16 07 00 48 8d 4c 24 20 ff 15 38 4b 16 00
0x00007ffdc0cf3fb8:   48 8b 8c 24 c0 00 00 00 48 33 cc e8 98 e6 06 00
0x00007ffdc0cf3fc8:   48 81 c4 d8 00 00 00 c3 83 64 24 38 00 eb d6 cc 


Register to memory mapping:

RAX=0x00007ffdc0b8fbae is an unknown value
RBX=0x000000000455f100 is pointing into the stack for thread: 0x00000000045e1000
RCX=0x000000000455da60 is pointing into the stack for thread: 0x00000000045e1000
RDX=0x000000000455da88 is pointing into the stack for thread: 0x00000000045e1000
RSP=0x000000000455de90 is pointing into the stack for thread: 0x00000000045e1000
RBP=0x000000000455dfd0 is pointing into the stack for thread: 0x00000000045e1000
RSI=0x00007ffd815039a8 is an unknown value
RDI=0x0000000000000071 is an unknown value
R8 =0x00007ffdc0b7c046 is an unknown value
R9 =0x00001e446529cbbd is an unknown value
R10=0x000000000455dec8 is pointing into the stack for thread: 0x00000000045e1000
R11=0x0000000000000000 is an unknown value
R12=0x00000000ffffffe5 is an unallocated location in the heap
R13=0x0000000000000000 is an unknown value
R14=0x000000000455e030 is pointing into the stack for thread: 0x00000000045e1000
R15=0x000000000455f1d8 is pointing into the stack for thread: 0x00000000045e1000


Stack: [0x0000000004460000,0x0000000004560000],  sp=0x000000000455de90,  free space=1015k
Native frames: (J=compiled Java code, j=interpreted, Vv=VM code, C=native code)
C  [KERNELBASE.dll+0x13fb8]
C  [VCRUNTIME140.dll+0x44f2]
C  [opencv_core340.dll+0x1b862e]
C  [opencv_core340.dll+0x1b877a]
C  [opencv_core340.dll+0x659ab]
C  [jniopencv_core.dll+0xebd7b]
C  0x00000000046f7f74

Java frames: (J=compiled Java code, j=interpreted, Vv=VM code)
j  org.bytedeco.javacpp.opencv_core.cvClearMemStorage(Lorg/bytedeco/javacpp/opencv_core$CvMemStorage;)V+0
j  testing.wew.loop()V+120
j  testing.wew.main([Ljava/lang/String;)V+13
v  ~StubRoutines::call_stub

---------------  P R O C E S S  ---------------

Java Threads: ( => current thread )
  0x000000001c690800 JavaThread "JavaCPP Deallocator" daemon [_thread_blocked, id=13260, stack(0x0000000023820000,0x0000000023920000)]
  0x000000001c620000 JavaThread "AWT-EventQueue-0" [_thread_blocked, id=10376, stack(0x0000000022e00000,0x0000000022f00000)]
  0x000000001c5ec800 JavaThread "AWT-Windows" daemon [_thread_in_native, id=13952, stack(0x000000001cfc0000,0x000000001d0c0000)]
  0x000000001c5eb800 JavaThread "AWT-Shutdown" [_thread_blocked, id=1524, stack(0x000000001cec0000,0x000000001cfc0000)]
  0x000000001c5eb000 JavaThread "Java2D Disposer" daemon [_thread_blocked, id=10884, stack(0x000000001ccf0000,0x000000001cdf0000)]
  0x000000001b684000 JavaThread "Service Thread" daemon [_thread_blocked, id=1352, stack(0x000000001c1b0000,0x000000001c2b0000)]
  0x000000001b5f2000 JavaThread "C1 CompilerThread3" daemon [_thread_blocked, id=7664, stack(0x000000001c0b0000,0x000000001c1b0000)]
  0x000000001b5f5800 JavaThread "C2 CompilerThread2" daemon [_thread_blocked, id=4608, stack(0x000000001bfb0000,0x000000001c0b0000)]
  0x000000001b5f3800 JavaThread "C2 CompilerThread1" daemon [_thread_blocked, id=5832, stack(0x000000001beb0000,0x000000001bfb0000)]
  0x000000001b5ed000 JavaThread "C2 CompilerThread0" daemon [_thread_blocked, id=9012, stack(0x000000001bdb0000,0x000000001beb0000)]
  0x000000001b5eb800 JavaThread "Attach Listener" daemon [_thread_blocked, id=6928, stack(0x000000001bcb0000,0x000000001bdb0000)]
  0x000000001b5ea800 JavaThread "Signal Dispatcher" daemon [_thread_blocked, id=3264, stack(0x000000001bbb0000,0x000000001bcb0000)]
  0x00000000046dd800 JavaThread "Finalizer" daemon [_thread_blocked, id=8208, stack(0x000000001b9c0000,0x000000001bac0000)]
  0x00000000196cd000 JavaThread "Reference Handler" daemon [_thread_blocked, id=1696, stack(0x000000001b4c0000,0x000000001b5c0000)]
=>0x00000000045e1000 JavaThread "main" [_thread_in_native, id=4336, stack(0x0000000004460000,0x0000000004560000)]

Other Threads:
  0x00000000196c8800 VMThread [stack: 0x000000001b3c0000,0x000000001b4c0000] [id=1396]
  0x000000001b69f000 WatcherThread [stack: 0x000000001c2b0000,0x000000001c3b0000] [id=8028]

VM state:not at safepoint (normal execution)

VM Mutex/Monitor currently owned by a thread: None

Heap:
 PSYoungGen      total 38400K, used 14801K [0x00000000d5a00000, 0x00000000d8480000, 0x0000000100000000)
  eden space 33280K, 34% used [0x00000000d5a00000,0x00000000d6515248,0x00000000d7a80000)
  from space 5120K, 67% used [0x00000000d7a80000,0x00000000d7ddf428,0x00000000d7f80000)
  to   space 5120K, 0% used [0x00000000d7f80000,0x00000000d7f80000,0x00000000d8480000)
 ParOldGen       total 87552K, used 16K [0x0000000080e00000, 0x0000000086380000, 0x00000000d5a00000)
  object space 87552K, 0% used [0x0000000080e00000,0x0000000080e04000,0x0000000086380000)
 Metaspace       used 12659K, capacity 12828K, committed 13056K, reserved 1060864K
  class space    used 1416K, capacity 1483K, committed 1536K, reserved 1048576K

Card table byte_map: [0x0000000013aa0000,0x0000000013ea0000] byte_map_base: 0x0000000013699000

Marking Bits: (ParMarkBitMap*) 0x00000000531ad850
 Begin Bits: [0x0000000014950000, 0x0000000016918000)
 End Bits:   [0x0000000016918000, 0x00000000188e0000)

Polling page: 0x00000000027b0000

CodeCache: size=245760Kb used=3745Kb max_used=3745Kb free=242014Kb
 bounds [0x00000000046e0000, 0x0000000004a90000, 0x00000000136e0000]
 total_blobs=1408 nmethods=831 adapters=490
 compilation: enabled

Compilation events (10 events):
Event: 1.289 Thread 0x000000001b5f2000  830       3       sun.util.calendar.ZoneInfo::getTransitionIndex (156 bytes)
Event: 1.289 Thread 0x000000001b5f2000 nmethod 830 0x0000000004a69790 code [0x0000000004a69920, 0x0000000004a69df0]
Event: 1.289 Thread 0x000000001b5f2000  827   !   3       org.bytedeco.javacpp.Loader::loadLibrary (983 bytes)
Event: 1.297 Thread 0x000000001b5f2000 nmethod 827 0x0000000004a6a190 code [0x0000000004a6b240, 0x0000000004a7b428]
Event: 1.297 Thread 0x000000001b5f2000  828       3       java.util.Date::getCalendarSystem (15 bytes)
Event: 1.298 Thread 0x000000001b5f2000 nmethod 828 0x0000000004a88210 code [0x0000000004a883a0, 0x0000000004a888a8]
Event: 1.298 Thread 0x000000001b5f2000  829       3       sun.util.calendar.ZoneInfo::getOffsets (276 bytes)
Event: 1.298 Thread 0x000000001b5f2000 nmethod 829 0x0000000004a88a10 code [0x0000000004a88c40, 0x0000000004a899c8]
Event: 1.298 Thread 0x000000001b5f2000  831       3       sun.util.calendar.Gregorian$Date::setNormalizedYear (7 bytes)
Event: 1.298 Thread 0x000000001b5f2000 nmethod 831 0x0000000004a8a210 code [0x0000000004a8a380, 0x0000000004a8a5f0]

GC Heap History (2 events):
Event: 0.550 GC heap before
{Heap before GC invocations=1 (full 0):
 PSYoungGen      total 38400K, used 33280K [0x00000000d5a00000, 0x00000000d8480000, 0x0000000100000000)
  eden space 33280K, 100% used [0x00000000d5a00000,0x00000000d7a80000,0x00000000d7a80000)
  from space 5120K, 0% used [0x00000000d7f80000,0x00000000d7f80000,0x00000000d8480000)
  to   space 5120K, 0% used [0x00000000d7a80000,0x00000000d7a80000,0x00000000d7f80000)
 ParOldGen       total 87552K, used 0K [0x0000000080e00000, 0x0000000086380000, 0x00000000d5a00000)
  object space 87552K, 0% used [0x0000000080e00000,0x0000000080e00000,0x0000000086380000)
 Metaspace       used 12568K, capacity 12764K, committed 13056K, reserved 1060864K
  class space    used 1409K, capacity 1483K, committed 1536K, reserved 1048576K
Event: 0.553 GC heap after
Heap after GC invocations=1 (full 0):
 PSYoungGen      total 38400K, used 3453K [0x00000000d5a00000, 0x00000000d8480000, 0x0000000100000000)
  eden space 33280K, 0% used [0x00000000d5a00000,0x00000000d5a00000,0x00000000d7a80000)
  from space 5120K, 67% used [0x00000000d7a80000,0x00000000d7ddf428,0x00000000d7f80000)
  to   space 5120K, 0% used [0x00000000d7f80000,0x00000000d7f80000,0x00000000d8480000)
 ParOldGen       total 87552K, used 16K [0x0000000080e00000, 0x0000000086380000, 0x00000000d5a00000)
  object space 87552K, 0% used [0x0000000080e00000,0x0000000080e04000,0x0000000086380000)
 Metaspace       used 12568K, capacity 12764K, committed 13056K, reserved 1060864K
  class space    used 1409K, capacity 1483K, committed 1536K, reserved 1048576K
}

Deoptimization events (0 events):
No events

Internal exceptions (10 events):
Event: 0.062 Thread 0x00000000045e1000 Exception <a 'java/security/PrivilegedActionException'> (0x00000000d5bad590) thrown at [C:\re\workspace\8-2-build-windows-amd64-cygwin\jdk8u151\9699\hotspot\src\share\vm\prims\jvm.cpp, line 1390]
Event: 0.062 Thread 0x00000000045e1000 Exception <a 'java/security/PrivilegedActionException'> (0x00000000d5bad7a0) thrown at [C:\re\workspace\8-2-build-windows-amd64-cygwin\jdk8u151\9699\hotspot\src\share\vm\prims\jvm.cpp, line 1390]
Event: 0.083 Thread 0x00000000045e1000 Exception <a 'java/security/PrivilegedActionException'> (0x00000000d5c38700) thrown at [C:\re\workspace\8-2-build-windows-amd64-cygwin\jdk8u151\9699\hotspot\src\share\vm\prims\jvm.cpp, line 1390]
Event: 0.083 Thread 0x00000000045e1000 Exception <a 'java/security/PrivilegedActionException'> (0x00000000d5c38910) thrown at [C:\re\workspace\8-2-build-windows-amd64-cygwin\jdk8u151\9699\hotspot\src\share\vm\prims\jvm.cpp, line 1390]
Event: 0.083 Thread 0x00000000045e1000 Exception <a 'java/security/PrivilegedActionException'> (0x00000000d5c3c820) thrown at [C:\re\workspace\8-2-build-windows-amd64-cygwin\jdk8u151\9699\hotspot\src\share\vm\prims\jvm.cpp, line 1390]
Event: 0.083 Thread 0x00000000045e1000 Exception <a 'java/security/PrivilegedActionException'> (0x00000000d5c3ca30) thrown at [C:\re\workspace\8-2-build-windows-amd64-cygwin\jdk8u151\9699\hotspot\src\share\vm\prims\jvm.cpp, line 1390]
Event: 0.086 Thread 0x00000000045e1000 Exception <a 'java/io/FileNotFoundException'> (0x00000000d5c44f10) thrown at [C:\re\workspace\8-2-build-windows-amd64-cygwin\jdk8u151\9699\hotspot\src\share\vm\prims\jni.cpp, line 709]
Event: 0.105 Thread 0x00000000045e1000 Exception <a 'java/lang/NoSuchFieldError': method resolution failed> (0x00000000d5d12298) thrown at [C:\re\workspace\8-2-build-windows-amd64-cygwin\jdk8u151\9699\hotspot\src\share\vm\prims\methodHandles.cpp, line 1146]
Event: 0.106 Thread 0x00000000045e1000 Exception <a 'java/lang/NoSuchFieldError': method resolution failed> (0x00000000d5d1f668) thrown at [C:\re\workspace\8-2-build-windows-amd64-cygwin\jdk8u151\9699\hotspot\src\share\vm\prims\methodHandles.cpp, line 1146]
Event: 0.132 Thread 0x00000000045e1000 Exception <a 'java/io/FileNotFoundException'> (0x00000000d5dbf958) thrown at [C:\re\workspace\8-2-build-windows-amd64-cygwin\jdk8u151\9699\hotspot\src\share\vm\prims\jni.cpp, line 709]

Events (10 events):
Event: 1.283 loading class org/bytedeco/javacpp/annotation/Opaque
Event: 1.283 loading class org/bytedeco/javacpp/annotation/Opaque done
Event: 1.298 loading class org/bytedeco/javacpp/helper/opencv_core$AbstractIplImage$HeaderReleaseDeallocator
Event: 1.298 loading class org/bytedeco/javacpp/helper/opencv_core$AbstractIplImage$HeaderReleaseDeallocator done
Event: 1.298 loading class org/bytedeco/javacpp/Pointer$2
Event: 1.298 loading class org/bytedeco/javacpp/Pointer$2 done
Event: 1.299 loading class org/bytedeco/javacpp/Pointer$1
Event: 1.299 loading class org/bytedeco/javacpp/Pointer$1 done
Event: 1.299 loading class org/bytedeco/javacpp/helper/opencv_core$AbstractIplImage$ReleaseDeallocator
Event: 1.299 loading class org/bytedeco/javacpp/helper/opencv_core$AbstractIplImage$ReleaseDeallocator done


Dynamic libraries:
0x00007ff6ccac0000 - 0x00007ff6ccaf7000 	C:\Program Files\Java\jdk1.8.0_151\bin\java.exe
0x00007ffdc3a80000 - 0x00007ffdc3c60000 	C:\Windows\SYSTEM32\ntdll.dll
0x00007ffdc0fb0000 - 0x00007ffdc105e000 	C:\Windows\System32\KERNEL32.DLL
0x00007ffdc0ce0000 - 0x00007ffdc0f46000 	C:\Windows\System32\KERNELBASE.dll
0x00007ffdc23a0000 - 0x00007ffdc2441000 	C:\Windows\System32\ADVAPI32.dll
0x00007ffdc1990000 - 0x00007ffdc1a2d000 	C:\Windows\System32\msvcrt.dll
0x00007ffdc1060000 - 0x00007ffdc10bb000 	C:\Windows\System32\sechost.dll
0x00007ffdc1210000 - 0x00007ffdc132f000 	C:\Windows\System32\RPCRT4.dll
0x00007ffdc2460000 - 0x00007ffdc25ef000 	C:\Windows\System32\USER32.dll
0x00007ffdc0cc0000 - 0x00007ffdc0ce0000 	C:\Windows\System32\win32u.dll
0x00007ffdc1620000 - 0x00007ffdc1648000 	C:\Windows\System32\GDI32.dll
0x00007ffdc08d0000 - 0x00007ffdc0a63000 	C:\Windows\System32\gdi32full.dll
0x00007ffdc0ad0000 - 0x00007ffdc0b6b000 	C:\Windows\System32\msvcp_win.dll
0x00007ffdc0b70000 - 0x00007ffdc0c66000 	C:\Windows\System32\ucrtbase.dll
0x00007ffdb4d60000 - 0x00007ffdb4fc9000 	C:\Windows\WinSxS\amd64_microsoft.windows.common-controls_6595b64144ccf1df_6.0.16299.192_none_15c8cdae9364c23b\COMCTL32.dll
0x00007ffdc1650000 - 0x00007ffdc1958000 	C:\Windows\System32\combase.dll
0x00007ffdc0680000 - 0x00007ffdc06f2000 	C:\Windows\System32\bcryptPrimitives.dll
0x00007ffdc1960000 - 0x00007ffdc198d000 	C:\Windows\System32\IMM32.DLL
0x00000000528b0000 - 0x0000000052982000 	C:\Program Files\Java\jdk1.8.0_151\jre\bin\msvcr100.dll
0x0000000052990000 - 0x000000005322d000 	C:\Program Files\Java\jdk1.8.0_151\jre\bin\server\jvm.dll
0x00007ffdc15b0000 - 0x00007ffdc15b8000 	C:\Windows\System32\PSAPI.DLL
0x00007ffdbdac0000 - 0x00007ffdbdac9000 	C:\Windows\SYSTEM32\WSOCK32.dll
0x00007ffdba770000 - 0x00007ffdba77a000 	C:\Windows\SYSTEM32\VERSION.dll
0x00007ffdbe0e0000 - 0x00007ffdbe103000 	C:\Windows\SYSTEM32\WINMM.dll
0x00007ffdc2330000 - 0x00007ffdc239c000 	C:\Windows\System32\WS2_32.dll
0x00007ffdbdf70000 - 0x00007ffdbdf9a000 	C:\Windows\SYSTEM32\winmmbase.dll
0x00007ffdc0c70000 - 0x00007ffdc0cba000 	C:\Windows\System32\cfgmgr32.dll
0x0000000052860000 - 0x000000005286f000 	C:\Program Files\Java\jdk1.8.0_151\jre\bin\verify.dll
0x0000000052830000 - 0x0000000052859000 	C:\Program Files\Java\jdk1.8.0_151\jre\bin\java.dll
0x0000000052810000 - 0x0000000052826000 	C:\Program Files\Java\jdk1.8.0_151\jre\bin\zip.dll
0x00007ffdc25f0000 - 0x00007ffdc3a26000 	C:\Windows\System32\SHELL32.dll
0x00007ffdc1b30000 - 0x00007ffdc1bd6000 	C:\Windows\System32\shcore.dll
0x00007ffdbfe80000 - 0x00007ffdc05c7000 	C:\Windows\System32\windows.storage.dll
0x00007ffdc1a30000 - 0x00007ffdc1a81000 	C:\Windows\System32\shlwapi.dll
0x00007ffdbfdf0000 - 0x00007ffdbfe01000 	C:\Windows\System32\kernel.appcore.dll
0x00007ffdbfe30000 - 0x00007ffdbfe7c000 	C:\Windows\System32\powrprof.dll
0x00007ffdbfe10000 - 0x00007ffdbfe2b000 	C:\Windows\System32\profapi.dll
0x0000000052630000 - 0x00000000527c8000 	C:\Program Files\Java\jdk1.8.0_151\jre\bin\awt.dll
0x00007ffdc1bf0000 - 0x00007ffdc1cb5000 	C:\Windows\System32\OLEAUT32.dll
0x00007ffdbe1d0000 - 0x00007ffdbe258000 	C:\Windows\SYSTEM32\apphelp.dll
0x00007ffdbe5c0000 - 0x00007ffdbe5ea000 	C:\Windows\system32\DWMAPI.DLL
0x00007ffdbe300000 - 0x00007ffdbe395000 	C:\Windows\system32\uxtheme.dll
0x00007ffd938b0000 - 0x00007ffd939ce000 	C:\Windows\system32\opengl32.dll
0x00007ffd9bd20000 - 0x00007ffd9bd4c000 	C:\Windows\SYSTEM32\GLU32.dll
0x00007ffdc1330000 - 0x00007ffdc1497000 	C:\Windows\System32\MSCTF.dll
0x00007ffdc10c0000 - 0x00007ffdc1209000 	C:\Windows\System32\ole32.dll
0x00007ffd91170000 - 0x00007ffd91305000 	C:\Windows\system32\d3d9.dll
0x00007ffdb8630000 - 0x00007ffdb871a000 	C:\Windows\System32\DriverStore\FileRepository\nv_dispi.inf_amd64_c791f781cd94491f\nvldumdx.dll
0x00007ffdc0700000 - 0x00007ffdc08ce000 	C:\Windows\System32\crypt32.dll
0x00007ffdbfdd0000 - 0x00007ffdbfde2000 	C:\Windows\System32\MSASN1.dll
0x00007ffdc0a70000 - 0x00007ffdc0ac8000 	C:\Windows\System32\WINTRUST.DLL
0x00007ffdc3a30000 - 0x00007ffdc3a4d000 	C:\Windows\System32\imagehlp.dll
0x00007ffdbf830000 - 0x00007ffdbf847000 	C:\Windows\SYSTEM32\CRYPTSP.dll
0x00007ffdbf270000 - 0x00007ffdbf2a3000 	C:\Windows\system32\rsaenh.dll
0x00007ffdbf930000 - 0x00007ffdbf955000 	C:\Windows\SYSTEM32\bcrypt.dll
0x00007ffdbf820000 - 0x00007ffdbf82b000 	C:\Windows\SYSTEM32\CRYPTBASE.dll
0x00007ffd7fb20000 - 0x00007ffd80cf6000 	C:\Windows\System32\DriverStore\FileRepository\nv_dispi.inf_amd64_c791f781cd94491f\nvd3dumx.dll
0x00007ffda8d20000 - 0x00007ffda8f79000 	C:\Windows\system32\nvspcap64.dll
0x00007ffdbef10000 - 0x00007ffdbef41000 	C:\Windows\SYSTEM32\ntmarta.dll
0x00007ffdb54c0000 - 0x00007ffdb55ab000 	C:\Program Files (x86)\NVIDIA Corporation\3D Vision\nvSCPAPI64.dll
0x00007ffdc1cc0000 - 0x00007ffdc210e000 	C:\Windows\System32\SETUPAPI.dll
0x00000000525e0000 - 0x0000000052627000 	C:\Program Files\Java\jdk1.8.0_151\jre\bin\fontmanager.dll
0x00007ffdabc30000 - 0x00007ffdabcc8000 	C:\Windows\System32\TextInputFramework.dll
0x00007ffdba480000 - 0x00007ffdba76e000 	C:\Windows\System32\CoreUIComponents.dll
0x00007ffdbd870000 - 0x00007ffdbd94c000 	C:\Windows\System32\CoreMessaging.dll
0x00007ffdbb0a0000 - 0x00007ffdbb1d6000 	C:\Windows\SYSTEM32\wintypes.dll
0x0000000180000000 - 0x000000018006d000 	C:\Program Files (x86)\DisplayFusion\Hooks\AppHook64_E5BBB63A-E1CC-422E-938D-C575E0581D15.dll
0x00007ffd96c90000 - 0x00007ffd96ce1000 	C:\Users\Jacob Williams\.javacpp\cache\opencv-windows-x86_64.jar\org\bytedeco\javacpp\windows-x86_64\concrt140.dll
0x00007ffd95ca0000 - 0x00007ffd95d3c000 	C:\Program Files\Java\jdk1.8.0_151\jre\bin\MSVCP140.dll
0x00007ffd9c130000 - 0x00007ffd9c146000 	C:\Program Files\Java\jdk1.8.0_151\jre\bin\VCRUNTIME140.dll
0x00007ffd95c00000 - 0x00007ffd95c9d000 	C:\Users\Jacob Williams\.javacpp\cache\opencv-windows-x86_64.jar\org\bytedeco\javacpp\windows-x86_64\msvcp140.dll
0x00007ffd9aa70000 - 0x00007ffd9aa87000 	C:\Users\Jacob Williams\.javacpp\cache\opencv-windows-x86_64.jar\org\bytedeco\javacpp\windows-x86_64\vcruntime140.dll
0x0000000023b20000 - 0x0000000023b23000 	C:\Users\Jacob Williams\.javacpp\cache\opencv-windows-x86_64.jar\org\bytedeco\javacpp\windows-x86_64\api-ms-win-crt-locale-l1-1-0.dll
0x0000000023b30000 - 0x0000000023b34000 	C:\Users\Jacob Williams\.javacpp\cache\opencv-windows-x86_64.jar\org\bytedeco\javacpp\windows-x86_64\api-ms-win-crt-string-l1-1-0.dll
0x0000000023b40000 - 0x0000000023b44000 	C:\Users\Jacob Williams\.javacpp\cache\opencv-windows-x86_64.jar\org\bytedeco\javacpp\windows-x86_64\api-ms-win-crt-stdio-l1-1-0.dll
0x0000000023b50000 - 0x0000000023b55000 	C:\Users\Jacob Williams\.javacpp\cache\opencv-windows-x86_64.jar\org\bytedeco\javacpp\windows-x86_64\api-ms-win-crt-math-l1-1-0.dll
0x0000000023b60000 - 0x0000000023b63000 	C:\Users\Jacob Williams\.javacpp\cache\opencv-windows-x86_64.jar\org\bytedeco\javacpp\windows-x86_64\api-ms-win-crt-heap-l1-1-0.dll
0x0000000023b70000 - 0x0000000023b74000 	C:\Users\Jacob Williams\.javacpp\cache\opencv-windows-x86_64.jar\org\bytedeco\javacpp\windows-x86_64\api-ms-win-crt-runtime-l1-1-0.dll
0x0000000023b80000 - 0x0000000023b84000 	C:\Users\Jacob Williams\.javacpp\cache\opencv-windows-x86_64.jar\org\bytedeco\javacpp\windows-x86_64\api-ms-win-crt-convert-l1-1-0.dll
0x0000000023b90000 - 0x0000000023b93000 	C:\Users\Jacob Williams\.javacpp\cache\opencv-windows-x86_64.jar\org\bytedeco\javacpp\windows-x86_64\api-ms-win-crt-environment-l1-1-0.dll
0x0000000023ba0000 - 0x0000000023ba3000 	C:\Users\Jacob Williams\.javacpp\cache\opencv-windows-x86_64.jar\org\bytedeco\javacpp\windows-x86_64\api-ms-win-crt-time-l1-1-0.dll
0x0000000023bb0000 - 0x0000000023bb3000 	C:\Users\Jacob Williams\.javacpp\cache\opencv-windows-x86_64.jar\org\bytedeco\javacpp\windows-x86_64\api-ms-win-crt-filesystem-l1-1-0.dll
0x0000000023bc0000 - 0x0000000023bc3000 	C:\Users\Jacob Williams\.javacpp\cache\opencv-windows-x86_64.jar\org\bytedeco\javacpp\windows-x86_64\api-ms-win-crt-utility-l1-1-0.dll
0x0000000023bd0000 - 0x0000000023bd5000 	C:\Users\Jacob Williams\.javacpp\cache\opencv-windows-x86_64.jar\org\bytedeco\javacpp\windows-x86_64\api-ms-win-crt-multibyte-l1-1-0.dll
0x00007ffd81250000 - 0x00007ffd81556000 	C:\Users\Jacob Williams\.javacpp\cache\opencv-windows-x86_64.jar\org\bytedeco\javacpp\windows-x86_64\opencv_core340.dll
0x00007ffd7f710000 - 0x00007ffd7fb1c000 	C:\Users\Jacob Williams\.javacpp\cache\opencv-windows-x86_64.jar\org\bytedeco\javacpp\windows-x86_64\opencv_imgproc340.dll
0x00007ffd7f390000 - 0x00007ffd7f70b000 	C:\Users\Jacob Williams\.javacpp\cache\opencv-windows-x86_64.jar\org\bytedeco\javacpp\windows-x86_64\jniopencv_core.dll
0x00000000527f0000 - 0x000000005280a000 	C:\Program Files\Java\jdk1.8.0_151\jre\bin\net.dll
0x00007ffdbf660000 - 0x00007ffdbf6c6000 	C:\Windows\system32\mswsock.dll
0x00000000527d0000 - 0x00000000527e1000 	C:\Program Files\Java\jdk1.8.0_151\jre\bin\nio.dll
0x00007ffd95aa0000 - 0x00007ffd95bf5000 	C:\Users\Jacob Williams\.javacpp\cache\opencv-windows-x86_64.jar\org\bytedeco\javacpp\windows-x86_64\jniopencv_imgproc.dll
0x00007ffd91330000 - 0x00007ffd913c3000 	C:\Users\Jacob Williams\.javacpp\cache\opencv-windows-x86_64.jar\org\bytedeco\javacpp\windows-x86_64\opencv_objdetect340.dll
0x00007ffd96c10000 - 0x00007ffd96c89000 	C:\Users\Jacob Williams\.javacpp\cache\opencv-windows-x86_64.jar\org\bytedeco\javacpp\windows-x86_64\jniopencv_objdetect.dll
0x00007ffd7f0c0000 - 0x00007ffd7f38c000 	C:\Users\Jacob Williams\.javacpp\cache\opencv-windows-x86_64.jar\org\bytedeco\javacpp\windows-x86_64\opencv_imgcodecs340.dll
0x00007ffd96ec0000 - 0x00007ffd96ef4000 	C:\Users\Jacob Williams\.javacpp\cache\opencv-windows-x86_64.jar\org\bytedeco\javacpp\windows-x86_64\jniopencv_imgcodecs.dll
0x00007ffd91b30000 - 0x00007ffd91b7b000 	C:\Users\Jacob Williams\.javacpp\cache\opencv-windows-x86_64.jar\org\bytedeco\javacpp\windows-x86_64\opencv_videoio340.dll
0x00007ffd9a300000 - 0x00007ffd9a31f000 	C:\Windows\SYSTEM32\AVIFIL32.dll
0x00007ffd971b0000 - 0x00007ffd971c8000 	C:\Windows\SYSTEM32\AVICAP32.dll
0x00007ffd90ea0000 - 0x00007ffd90ec9000 	C:\Windows\SYSTEM32\MSVFW32.dll
0x00007ffd9d690000 - 0x00007ffd9d6ac000 	C:\Windows\SYSTEM32\MSACM32.dll
0x00007ffd95a80000 - 0x00007ffd95a9f000 	C:\Users\Jacob Williams\.javacpp\cache\opencv-windows-x86_64.jar\org\bytedeco\javacpp\windows-x86_64\jniopencv_videoio.dll
0x00007ffdc1a90000 - 0x00007ffdc1b2e000 	C:\Windows\System32\clbcatq.dll
0x00007ffdaaef0000 - 0x00007ffdaaf08000 	C:\Windows\System32\devenum.dll
0x00007ffdbfbe0000 - 0x00007ffdbfc07000 	C:\Windows\SYSTEM32\DEVOBJ.dll
0x00007ffda7210000 - 0x00007ffda721a000 	C:\Windows\SYSTEM32\msdmo.dll
0x00007ffd90e60000 - 0x00007ffd90e93000 	C:\Windows\System32\qcap.dll
0x00007ffda5670000 - 0x00007ffda582c000 	C:\Windows\System32\quartz.dll
0x00007ffd96a20000 - 0x00007ffd96a6e000 	C:\Windows\System32\mfksproxy.dll
0x00007ffdae120000 - 0x00007ffdae13d000 	C:\Windows\System32\ATL.DLL
0x00007ffd9b8a0000 - 0x00007ffd9b8d6000 	C:\Windows\System32\MFSENSORGROUP.dll
0x00007ffda5190000 - 0x00007ffda5341000 	C:\Windows\System32\MFPlat.DLL
0x00007ffda5450000 - 0x00007ffda5482000 	C:\Windows\System32\RTWorkQ.DLL
0x00007ffd969d0000 - 0x00007ffd96a19000 	C:\Windows\System32\ksproxy.ax
0x00007ffdac4d0000 - 0x00007ffdac4d9000 	C:\Windows\System32\ksuser.dll
0x00007ffdba3d0000 - 0x00007ffdba44b000 	C:\Windows\SYSTEM32\policymanager.dll
0x00007ffdbbd00000 - 0x00007ffdbbd90000 	C:\Windows\System32\msvcp110_win.dll
0x00007ffdb13d0000 - 0x00007ffdb13dc000 	C:\Windows\System32\vidcap.ax
0x00007ffd98b70000 - 0x00007ffd98b96000 	C:\Windows\System32\kswdmcap.ax
0x00007ffd84500000 - 0x00007ffd84665000 	C:\Windows\System32\MFC42.dll
0x00007ffd84460000 - 0x00007ffd84500000 	C:\Windows\System32\qedit.dll
0x00007ffdc14a0000 - 0x00007ffdc15aa000 	C:\Windows\System32\COMDLG32.dll
0x00007ffdb89f0000 - 0x00007ffdb8b8c000 	C:\Windows\WinSxS\amd64_microsoft.windows.gdiplus_6595b64144ccf1df_1.1.16299.192_none_46b3c093edf73c09\gdiplus.dll
0x00007ffd98040000 - 0x00007ffd98136000 	C:\Windows\System32\DDRAW.dll
0x00007ffdbec40000 - 0x00007ffdbecef000 	C:\Windows\System32\dxgi.dll
0x00007ffda6250000 - 0x00007ffda6258000 	C:\Windows\System32\DCIMAN32.dll
0x00007ffdb1f40000 - 0x00007ffdb2108000 	C:\Windows\SYSTEM32\dbghelp.dll

VM Arguments:
jvm_args: -Dfile.encoding=UTF-8 -Djava.library.path=G:\opencv\build\java\x64 
java_command: testing.wew
java_class_path (initial): G:\Uni\third_year\DSP\faceRecognition\lib\OpenCV3.4.0\opencv-340.jar;G:\Uni\third_year\DSP\faceRecognition\lib\javacv\javacv-platform.jar;G:\Uni\third_year\DSP\faceRecognition\lib\javacv\javacv.jar;G:\Uni\third_year\DSP\faceRecognition\lib\ffmpeg-platform.jar;G:\Uni\third_year\DSP\faceRecognition\lib\ffmpeg-windows-x86_64.jar;G:\Uni\third_year\DSP\faceRecognition\lib\ffmpeg.jar;G:\Uni\third_year\DSP\faceRecognition\lib\javacpp.jar;G:\Uni\third_year\DSP\faceRecognition\lib\opencv-windows-x86_64.jar;G:\Uni\third_year\DSP\faceRecognition\lib\opencv.jar;G:\Uni\third_year\DSP\faceRecognition\build\classes
Launcher Type: SUN_STANDARD

Environment Variables:
PATH=C:\ProgramData\Oracle\Java\javapath;C:\Windows\system32;C:\Windows;C:\Windows\System32\Wbem;C:\Windows\System32\WindowsPowerShell\v1.0\;C:\Program Files (x86)\NVIDIA Corporation\PhysX\Common;C:\Users\Jacob Williams\AppData\Local\Microsoft\WindowsApps;
USERNAME=Jacob Williams
OS=Windows_NT
PROCESSOR_IDENTIFIER=Intel64 Family 6 Model 60 Stepping 3, GenuineIntel



---------------  S Y S T E M  ---------------

OS: Windows 10.0 , 64 bit Build 16299 (10.0.16299.15)

CPU:total 8 (initial active 8) (4 cores per cpu, 2 threads per core) family 6 model 60 stepping 3, cmov, cx8, fxsr, mmx, sse, sse2, sse3, ssse3, sse4.1, sse4.2, popcnt, avx, avx2, aes, clmul, erms, lzcnt, ht, tsc, tscinvbit, bmi1, bmi2

Memory: 4k page, physical 8329744k(2169504k free), swap 12524048k(2620480k free)

vm_info: Java HotSpot(TM) 64-Bit Server VM (25.151-b12) for windows-amd64 JRE (1.8.0_151-b12), built on Sep  5 2017 19:33:46 by "java_re" with MS VC++ 10.0 (VS2010)

time: Wed Feb 14 15:24:10 2018
elapsed time: 1 seconds (0d 0h 0m 1s)

