#
# A fatal error has been detected by the Java Runtime Environment:
#
#  EXCEPTION_UNCAUGHT_CXX_EXCEPTION (0xe06d7363) at pc=0x00007ffdc0cf3fb8, pid=10488, tid=0x000000000000142c
#
# JRE version: Java(TM) SE Runtime Environment (8.0_151-b12) (build 1.8.0_151-b12)
# Java VM: Java HotSpot(TM) 64-Bit Server VM (25.151-b12 mixed mode windows-amd64 compressed oops)
# Problematic frame:
# C  [KERNELBASE.dll+0x13fb8]
#
# Failed to write core dump. Minidumps are not enabled by default on client versions of Windows
#
# If you would like to submit a bug report, please visit:
#   http://bugreport.java.com/bugreport/crash.jsp
# The crash happened outside the Java Virtual Machine in native code.
# See problematic frame for where to report the bug.
#

---------------  T H R E A D  ---------------

Current thread (0x0000000004331000):  JavaThread "main" [_thread_in_native, id=5164, stack(0x0000000004200000,0x0000000004300000)]

siginfo: ExceptionCode=0xe06d7363, ExceptionInformation=0x0000000019930520 0x00000000042fe450 0x00007ffd815039a8 0x00007ffd81250000 

Registers:
RAX=0x00007ffdc0b8fbae, RBX=0x00000000042ff520, RCX=0x00000000042fde80, RDX=0x00000000042fdea8
RSP=0x00000000042fe2b0, RBP=0x00000000042fe3f0, RSI=0x00007ffd815039a8, RDI=0x0000000000000071
R8 =0x00007ffdc0b7c046, R9 =0x000085ee18cc54d2, R10=0x00000000042fe2e8, R11=0x0000000000000000
R12=0x00000000ffffffe5, R13=0x0000000000000000, R14=0x00000000042fe450, R15=0x00000000042ff5f8
RIP=0x00007ffdc0cf3fb8, EFLAGS=0x0000000000000202

Top of Stack: (sp=0x00000000042fe2b0)
0x00000000042fe2b0:   00000000042fe2e0 00000000042ff520
0x00000000042fe2c0:   00007ffd815039a8 0000000000000071
0x00000000042fe2d0:   00000001e06d7363 0000000000000000
0x00000000042fe2e0:   00007ffdc0cf3fb8 0000000000000004
0x00000000042fe2f0:   0000000019930520 00000000042fe450
0x00000000042fe300:   00007ffd815039a8 00007ffd81250000
0x00000000042fe310:   00000000ffffffe5 0000000000000071
0x00000000042fe320:   00007ffd815039a8 00000000042fe410
0x00000000042fe330:   00000000042fe3f0 00007ffdc3afc65f
0x00000000042fe340:   0000000000000000 00007ffd00000000
0x00000000042fe350:   00007ffd00000002 00007ffdc0c55510
0x00000000042fe360:   00007ffd81530000 00007ffd81250000
0x00000000042fe370:   0000bbb6849e9c22 00007ffdc0b85f33
0x00000000042fe380:   00000000042ff520 00007ffd9c1344f2
0x00000000042fe390:   00000000042fe3c8 00000000042fe3d0
0x00000000042fe3a0:   00000000042fe418 00007ffdc0b7d1b9 

Instructions: (pc=0x00007ffdc0cf3fb8)
0x00007ffdc0cf3f98:   49 8b d1 44 0f 47 c0 44 89 44 24 38 49 c1 e0 03
0x00007ffdc0cf3fa8:   e8 ba 16 07 00 48 8d 4c 24 20 ff 15 38 4b 16 00
0x00007ffdc0cf3fb8:   48 8b 8c 24 c0 00 00 00 48 33 cc e8 98 e6 06 00
0x00007ffdc0cf3fc8:   48 81 c4 d8 00 00 00 c3 83 64 24 38 00 eb d6 cc 


Register to memory mapping:

RAX=0x00007ffdc0b8fbae is an unknown value
RBX=0x00000000042ff520 is pointing into the stack for thread: 0x0000000004331000
RCX=0x00000000042fde80 is pointing into the stack for thread: 0x0000000004331000
RDX=0x00000000042fdea8 is pointing into the stack for thread: 0x0000000004331000
RSP=0x00000000042fe2b0 is pointing into the stack for thread: 0x0000000004331000
RBP=0x00000000042fe3f0 is pointing into the stack for thread: 0x0000000004331000
RSI=0x00007ffd815039a8 is an unknown value
RDI=0x0000000000000071 is an unknown value
R8 =0x00007ffdc0b7c046 is an unknown value
R9 =0x000085ee18cc54d2 is an unknown value
R10=0x00000000042fe2e8 is pointing into the stack for thread: 0x0000000004331000
R11=0x0000000000000000 is an unknown value
R12=0x00000000ffffffe5 is an unallocated location in the heap
R13=0x0000000000000000 is an unknown value
R14=0x00000000042fe450 is pointing into the stack for thread: 0x0000000004331000
R15=0x00000000042ff5f8 is pointing into the stack for thread: 0x0000000004331000


Stack: [0x0000000004200000,0x0000000004300000],  sp=0x00000000042fe2b0,  free space=1016k
Native frames: (J=compiled Java code, j=interpreted, Vv=VM code, C=native code)
C  [KERNELBASE.dll+0x13fb8]
C  [VCRUNTIME140.dll+0x44f2]
C  [opencv_core340.dll+0x1b862e]
C  [opencv_core340.dll+0x1b877a]
C  [opencv_core340.dll+0x659ab]
C  [jniopencv_core.dll+0xebd7b]
C  0x0000000004447f74

Java frames: (J=compiled Java code, j=interpreted, Vv=VM code)
j  org.bytedeco.javacpp.opencv_core.cvClearMemStorage(Lorg/bytedeco/javacpp/opencv_core$CvMemStorage;)V+0
j  testing.test.loop()V+120
j  testing.test.main([Ljava/lang/String;)V+13
v  ~StubRoutines::call_stub

---------------  P R O C E S S  ---------------

Java Threads: ( => current thread )
  0x000000001c37a800 JavaThread "JavaCPP Deallocator" daemon [_thread_blocked, id=3956, stack(0x0000000022db0000,0x0000000022eb0000)]
  0x000000001c3e7800 JavaThread "AWT-EventQueue-0" [_thread_blocked, id=5256, stack(0x0000000022b90000,0x0000000022c90000)]
  0x000000001c2f5800 JavaThread "AWT-Windows" daemon [_thread_in_native, id=3236, stack(0x000000001cc20000,0x000000001cd20000)]
  0x000000001c2f1800 JavaThread "AWT-Shutdown" [_thread_blocked, id=2732, stack(0x000000001cb20000,0x000000001cc20000)]
  0x000000001c343000 JavaThread "Java2D Disposer" daemon [_thread_blocked, id=13028, stack(0x000000001ca20000,0x000000001cb20000)]
  0x000000001b3ac000 JavaThread "Service Thread" daemon [_thread_blocked, id=1552, stack(0x000000001bee0000,0x000000001bfe0000)]
  0x000000001b324000 JavaThread "C1 CompilerThread3" daemon [_thread_blocked, id=5140, stack(0x000000001bde0000,0x000000001bee0000)]
  0x000000001b31f000 JavaThread "C2 CompilerThread2" daemon [_thread_blocked, id=11908, stack(0x000000001bce0000,0x000000001bde0000)]
  0x000000001b31c800 JavaThread "C2 CompilerThread1" daemon [_thread_blocked, id=6560, stack(0x000000001bbe0000,0x000000001bce0000)]
  0x000000001b318800 JavaThread "C2 CompilerThread0" daemon [_thread_blocked, id=224, stack(0x000000001bae0000,0x000000001bbe0000)]
  0x000000001b317800 JavaThread "Attach Listener" daemon [_thread_blocked, id=13008, stack(0x000000001b9e0000,0x000000001bae0000)]
  0x000000001942e000 JavaThread "Signal Dispatcher" daemon [_thread_blocked, id=5688, stack(0x000000001b8e0000,0x000000001b9e0000)]
  0x0000000004429000 JavaThread "Finalizer" daemon [_thread_blocked, id=3756, stack(0x000000001b6f0000,0x000000001b7f0000)]
  0x000000001941d800 JavaThread "Reference Handler" daemon [_thread_blocked, id=10180, stack(0x000000001b1f0000,0x000000001b2f0000)]
=>0x0000000004331000 JavaThread "main" [_thread_in_native, id=5164, stack(0x0000000004200000,0x0000000004300000)]

Other Threads:
  0x0000000019419800 VMThread [stack: 0x000000001b0f0000,0x000000001b1f0000] [id=7748]
  0x000000001b3d3000 WatcherThread [stack: 0x000000001bfe0000,0x000000001c0e0000] [id=9752]

VM state:not at safepoint (normal execution)

VM Mutex/Monitor currently owned by a thread: None

Heap:
 PSYoungGen      total 38400K, used 15871K [0x00000000d5a00000, 0x00000000d8480000, 0x0000000100000000)
  eden space 33280K, 35% used [0x00000000d5a00000,0x00000000d65b1340,0x00000000d7a80000)
  from space 5120K, 76% used [0x00000000d7a80000,0x00000000d7e4ec50,0x00000000d7f80000)
  to   space 5120K, 0% used [0x00000000d7f80000,0x00000000d7f80000,0x00000000d8480000)
 ParOldGen       total 87552K, used 16K [0x0000000080e00000, 0x0000000086380000, 0x00000000d5a00000)
  object space 87552K, 0% used [0x0000000080e00000,0x0000000080e04000,0x0000000086380000)
 Metaspace       used 13325K, capacity 13532K, committed 13696K, reserved 1060864K
  class space    used 1521K, capacity 1606K, committed 1664K, reserved 1048576K

Card table byte_map: [0x00000000137f0000,0x0000000013bf0000] byte_map_base: 0x00000000133e9000

Marking Bits: (ParMarkBitMap*) 0x00000000531ad850
 Begin Bits: [0x00000000146a0000, 0x0000000016668000)
 End Bits:   [0x0000000016668000, 0x0000000018630000)

Polling page: 0x0000000002950000

CodeCache: size=245760Kb used=3919Kb max_used=3919Kb free=241840Kb
 bounds [0x0000000004430000, 0x0000000004810000, 0x0000000013430000]
 total_blobs=1493 nmethods=894 adapters=512
 compilation: enabled

Compilation events (10 events):
Event: 1.794 Thread 0x000000001b324000  892       3       sun.util.calendar.ZoneInfo::getTransitionIndex (156 bytes)
Event: 1.794 Thread 0x000000001b324000 nmethod 892 0x00000000047e6c50 code [0x00000000047e6de0, 0x00000000047e72b0]
Event: 1.794 Thread 0x000000001b324000  890       3       java.util.Date::getCalendarSystem (15 bytes)
Event: 1.794 Thread 0x000000001b324000 nmethod 890 0x00000000047e6450 code [0x00000000047e65e0, 0x00000000047e6ae8]
Event: 1.794 Thread 0x000000001b324000  891       3       sun.util.calendar.ZoneInfo::getOffsets (276 bytes)
Event: 1.795 Thread 0x000000001b324000 nmethod 891 0x00000000047e4c50 code [0x00000000047e4e80, 0x00000000047e5c08]
Event: 1.795 Thread 0x000000001b324000  893       3       sun.util.calendar.Gregorian$Date::setNormalizedYear (7 bytes)
Event: 1.795 Thread 0x000000001b324000 nmethod 893 0x00000000047e47d0 code [0x00000000047e4940, 0x00000000047e4bb0]
Event: 1.795 Thread 0x000000001b324000  894       3       sun.util.calendar.CalendarDate::setYear (20 bytes)
Event: 1.795 Thread 0x000000001b324000 nmethod 894 0x00000000047e4450 code [0x00000000047e45a0, 0x00000000047e4730]

GC Heap History (2 events):
Event: 1.172 GC heap before
{Heap before GC invocations=1 (full 0):
 PSYoungGen      total 38400K, used 33280K [0x00000000d5a00000, 0x00000000d8480000, 0x0000000100000000)
  eden space 33280K, 100% used [0x00000000d5a00000,0x00000000d7a80000,0x00000000d7a80000)
  from space 5120K, 0% used [0x00000000d7f80000,0x00000000d7f80000,0x00000000d8480000)
  to   space 5120K, 0% used [0x00000000d7a80000,0x00000000d7a80000,0x00000000d7f80000)
 ParOldGen       total 87552K, used 0K [0x0000000080e00000, 0x0000000086380000, 0x00000000d5a00000)
  object space 87552K, 0% used [0x0000000080e00000,0x0000000080e00000,0x0000000086380000)
 Metaspace       used 13229K, capacity 13404K, committed 13696K, reserved 1060864K
  class space    used 1515K, capacity 1606K, committed 1664K, reserved 1048576K
Event: 1.174 GC heap after
Heap after GC invocations=1 (full 0):
 PSYoungGen      total 38400K, used 3899K [0x00000000d5a00000, 0x00000000d8480000, 0x0000000100000000)
  eden space 33280K, 0% used [0x00000000d5a00000,0x00000000d5a00000,0x00000000d7a80000)
  from space 5120K, 76% used [0x00000000d7a80000,0x00000000d7e4ec50,0x00000000d7f80000)
  to   space 5120K, 0% used [0x00000000d7f80000,0x00000000d7f80000,0x00000000d8480000)
 ParOldGen       total 87552K, used 16K [0x0000000080e00000, 0x0000000086380000, 0x00000000d5a00000)
  object space 87552K, 0% used [0x0000000080e00000,0x0000000080e04000,0x0000000086380000)
 Metaspace       used 13229K, capacity 13404K, committed 13696K, reserved 1060864K
  class space    used 1515K, capacity 1606K, committed 1664K, reserved 1048576K
}

Deoptimization events (0 events):
No events

Internal exceptions (10 events):
Event: 0.062 Thread 0x0000000004331000 Exception <a 'java/security/PrivilegedActionException'> (0x00000000d5bad598) thrown at [C:\re\workspace\8-2-build-windows-amd64-cygwin\jdk8u151\9699\hotspot\src\share\vm\prims\jvm.cpp, line 1390]
Event: 0.062 Thread 0x0000000004331000 Exception <a 'java/security/PrivilegedActionException'> (0x00000000d5bad7a8) thrown at [C:\re\workspace\8-2-build-windows-amd64-cygwin\jdk8u151\9699\hotspot\src\share\vm\prims\jvm.cpp, line 1390]
Event: 0.083 Thread 0x0000000004331000 Exception <a 'java/security/PrivilegedActionException'> (0x00000000d5c2bbc8) thrown at [C:\re\workspace\8-2-build-windows-amd64-cygwin\jdk8u151\9699\hotspot\src\share\vm\prims\jvm.cpp, line 1390]
Event: 0.083 Thread 0x0000000004331000 Exception <a 'java/security/PrivilegedActionException'> (0x00000000d5c2bdd8) thrown at [C:\re\workspace\8-2-build-windows-amd64-cygwin\jdk8u151\9699\hotspot\src\share\vm\prims\jvm.cpp, line 1390]
Event: 0.084 Thread 0x0000000004331000 Exception <a 'java/security/PrivilegedActionException'> (0x00000000d5c2fce8) thrown at [C:\re\workspace\8-2-build-windows-amd64-cygwin\jdk8u151\9699\hotspot\src\share\vm\prims\jvm.cpp, line 1390]
Event: 0.084 Thread 0x0000000004331000 Exception <a 'java/security/PrivilegedActionException'> (0x00000000d5c2fef8) thrown at [C:\re\workspace\8-2-build-windows-amd64-cygwin\jdk8u151\9699\hotspot\src\share\vm\prims\jvm.cpp, line 1390]
Event: 0.087 Thread 0x0000000004331000 Exception <a 'java/io/FileNotFoundException'> (0x00000000d5c383d8) thrown at [C:\re\workspace\8-2-build-windows-amd64-cygwin\jdk8u151\9699\hotspot\src\share\vm\prims\jni.cpp, line 709]
Event: 0.106 Thread 0x0000000004331000 Exception <a 'java/lang/NoSuchFieldError': method resolution failed> (0x00000000d5d05780) thrown at [C:\re\workspace\8-2-build-windows-amd64-cygwin\jdk8u151\9699\hotspot\src\share\vm\prims\methodHandles.cpp, line 1146]
Event: 0.107 Thread 0x0000000004331000 Exception <a 'java/lang/NoSuchFieldError': method resolution failed> (0x00000000d5d12ad0) thrown at [C:\re\workspace\8-2-build-windows-amd64-cygwin\jdk8u151\9699\hotspot\src\share\vm\prims\methodHandles.cpp, line 1146]
Event: 0.129 Thread 0x0000000004331000 Exception <a 'java/io/FileNotFoundException'> (0x00000000d5da7388) thrown at [C:\re\workspace\8-2-build-windows-amd64-cygwin\jdk8u151\9699\hotspot\src\share\vm\prims\jni.cpp, line 709]

Events (10 events):
Event: 1.781 loading class org/bytedeco/javacpp/annotation/Opaque
Event: 1.781 loading class org/bytedeco/javacpp/annotation/Opaque done
Event: 1.795 loading class org/bytedeco/javacpp/helper/opencv_core$AbstractIplImage$HeaderReleaseDeallocator
Event: 1.795 loading class org/bytedeco/javacpp/helper/opencv_core$AbstractIplImage$HeaderReleaseDeallocator done
Event: 1.795 loading class org/bytedeco/javacpp/Pointer$2
Event: 1.795 loading class org/bytedeco/javacpp/Pointer$2 done
Event: 1.796 loading class org/bytedeco/javacpp/Pointer$1
Event: 1.796 loading class org/bytedeco/javacpp/Pointer$1 done
Event: 1.796 loading class org/bytedeco/javacpp/helper/opencv_core$AbstractIplImage$ReleaseDeallocator
Event: 1.796 loading class org/bytedeco/javacpp/helper/opencv_core$AbstractIplImage$ReleaseDeallocator done


Dynamic libraries:
0x00007ff6ccac0000 - 0x00007ff6ccaf7000 	C:\Program Files\Java\jdk1.8.0_151\bin\java.exe
0x00007ffdc3a80000 - 0x00007ffdc3c60000 	C:\Windows\SYSTEM32\ntdll.dll
0x00007ffdc0fb0000 - 0x00007ffdc105e000 	C:\Windows\System32\KERNEL32.DLL
0x00007ffdc0ce0000 - 0x00007ffdc0f46000 	C:\Windows\System32\KERNELBASE.dll
0x00007ffdc23a0000 - 0x00007ffdc2441000 	C:\Windows\System32\ADVAPI32.dll
0x00007ffdc1990000 - 0x00007ffdc1a2d000 	C:\Windows\System32\msvcrt.dll
0x00007ffdc1060000 - 0x00007ffdc10bb000 	C:\Windows\System32\sechost.dll
0x00007ffdc1210000 - 0x00007ffdc132f000 	C:\Windows\System32\RPCRT4.dll
0x00007ffdc2460000 - 0x00007ffdc25ef000 	C:\Windows\System32\USER32.dll
0x00007ffdc0cc0000 - 0x00007ffdc0ce0000 	C:\Windows\System32\win32u.dll
0x00007ffdc1620000 - 0x00007ffdc1648000 	C:\Windows\System32\GDI32.dll
0x00007ffdc08d0000 - 0x00007ffdc0a63000 	C:\Windows\System32\gdi32full.dll
0x00007ffdc0ad0000 - 0x00007ffdc0b6b000 	C:\Windows\System32\msvcp_win.dll
0x00007ffdc0b70000 - 0x00007ffdc0c66000 	C:\Windows\System32\ucrtbase.dll
0x00007ffdb4d60000 - 0x00007ffdb4fc9000 	C:\Windows\WinSxS\amd64_microsoft.windows.common-controls_6595b64144ccf1df_6.0.16299.192_none_15c8cdae9364c23b\COMCTL32.dll
0x00007ffdc1650000 - 0x00007ffdc1958000 	C:\Windows\System32\combase.dll
0x00007ffdc0680000 - 0x00007ffdc06f2000 	C:\Windows\System32\bcryptPrimitives.dll
0x00007ffdc1960000 - 0x00007ffdc198d000 	C:\Windows\System32\IMM32.DLL
0x00000000528b0000 - 0x0000000052982000 	C:\Program Files\Java\jdk1.8.0_151\jre\bin\msvcr100.dll
0x0000000052990000 - 0x000000005322d000 	C:\Program Files\Java\jdk1.8.0_151\jre\bin\server\jvm.dll
0x00007ffdc15b0000 - 0x00007ffdc15b8000 	C:\Windows\System32\PSAPI.DLL
0x00007ffdbdac0000 - 0x00007ffdbdac9000 	C:\Windows\SYSTEM32\WSOCK32.dll
0x00007ffdbe0e0000 - 0x00007ffdbe103000 	C:\Windows\SYSTEM32\WINMM.dll
0x00007ffdba770000 - 0x00007ffdba77a000 	C:\Windows\SYSTEM32\VERSION.dll
0x00007ffdc2330000 - 0x00007ffdc239c000 	C:\Windows\System32\WS2_32.dll
0x00007ffdbdf70000 - 0x00007ffdbdf9a000 	C:\Windows\SYSTEM32\winmmbase.dll
0x00007ffdc0c70000 - 0x00007ffdc0cba000 	C:\Windows\System32\cfgmgr32.dll
0x0000000052860000 - 0x000000005286f000 	C:\Program Files\Java\jdk1.8.0_151\jre\bin\verify.dll
0x0000000052830000 - 0x0000000052859000 	C:\Program Files\Java\jdk1.8.0_151\jre\bin\java.dll
0x0000000052810000 - 0x0000000052826000 	C:\Program Files\Java\jdk1.8.0_151\jre\bin\zip.dll
0x00007ffdc25f0000 - 0x00007ffdc3a26000 	C:\Windows\System32\SHELL32.dll
0x00007ffdc1b30000 - 0x00007ffdc1bd6000 	C:\Windows\System32\shcore.dll
0x00007ffdbfe80000 - 0x00007ffdc05c7000 	C:\Windows\System32\windows.storage.dll
0x00007ffdc1a30000 - 0x00007ffdc1a81000 	C:\Windows\System32\shlwapi.dll
0x00007ffdbfdf0000 - 0x00007ffdbfe01000 	C:\Windows\System32\kernel.appcore.dll
0x00007ffdbfe30000 - 0x00007ffdbfe7c000 	C:\Windows\System32\powrprof.dll
0x00007ffdbfe10000 - 0x00007ffdbfe2b000 	C:\Windows\System32\profapi.dll
0x0000000052630000 - 0x00000000527c8000 	C:\Program Files\Java\jdk1.8.0_151\jre\bin\awt.dll
0x00007ffdc1bf0000 - 0x00007ffdc1cb5000 	C:\Windows\System32\OLEAUT32.dll
0x00007ffdbe1d0000 - 0x00007ffdbe258000 	C:\Windows\SYSTEM32\apphelp.dll
0x00007ffdbe5c0000 - 0x00007ffdbe5ea000 	C:\Windows\system32\DWMAPI.DLL
0x00007ffdbe300000 - 0x00007ffdbe395000 	C:\Windows\system32\uxtheme.dll
0x00007ffd938b0000 - 0x00007ffd939ce000 	C:\Windows\system32\opengl32.dll
0x00007ffd9bd20000 - 0x00007ffd9bd4c000 	C:\Windows\SYSTEM32\GLU32.dll
0x00007ffdc1330000 - 0x00007ffdc1497000 	C:\Windows\System32\MSCTF.dll
0x00007ffdc10c0000 - 0x00007ffdc1209000 	C:\Windows\System32\ole32.dll
0x00007ffd91170000 - 0x00007ffd91305000 	C:\Windows\system32\d3d9.dll
0x00007ffdb8630000 - 0x00007ffdb871a000 	C:\Windows\System32\DriverStore\FileRepository\nv_dispi.inf_amd64_c791f781cd94491f\nvldumdx.dll
0x00007ffdc0700000 - 0x00007ffdc08ce000 	C:\Windows\System32\crypt32.dll
0x00007ffdbfdd0000 - 0x00007ffdbfde2000 	C:\Windows\System32\MSASN1.dll
0x00007ffdc0a70000 - 0x00007ffdc0ac8000 	C:\Windows\System32\WINTRUST.DLL
0x00007ffdc3a30000 - 0x00007ffdc3a4d000 	C:\Windows\System32\imagehlp.dll
0x00007ffdbf830000 - 0x00007ffdbf847000 	C:\Windows\SYSTEM32\CRYPTSP.dll
0x00007ffdbf270000 - 0x00007ffdbf2a3000 	C:\Windows\system32\rsaenh.dll
0x00007ffdbf930000 - 0x00007ffdbf955000 	C:\Windows\SYSTEM32\bcrypt.dll
0x00007ffdbf820000 - 0x00007ffdbf82b000 	C:\Windows\SYSTEM32\CRYPTBASE.dll
0x00007ffd7fb20000 - 0x00007ffd80cf6000 	C:\Windows\System32\DriverStore\FileRepository\nv_dispi.inf_amd64_c791f781cd94491f\nvd3dumx.dll
0x00007ffda8d20000 - 0x00007ffda8f79000 	C:\Windows\system32\nvspcap64.dll
0x00007ffdbef10000 - 0x00007ffdbef41000 	C:\Windows\SYSTEM32\ntmarta.dll
0x00007ffdb54c0000 - 0x00007ffdb55ab000 	C:\Program Files (x86)\NVIDIA Corporation\3D Vision\nvSCPAPI64.dll
0x00007ffdc1cc0000 - 0x00007ffdc210e000 	C:\Windows\System32\SETUPAPI.dll
0x00000000525e0000 - 0x0000000052627000 	C:\Program Files\Java\jdk1.8.0_151\jre\bin\fontmanager.dll
0x00007ffdabc30000 - 0x00007ffdabcc8000 	C:\Windows\System32\TextInputFramework.dll
0x00007ffdba480000 - 0x00007ffdba76e000 	C:\Windows\System32\CoreUIComponents.dll
0x00007ffdbd870000 - 0x00007ffdbd94c000 	C:\Windows\System32\CoreMessaging.dll
0x00007ffdbb0a0000 - 0x00007ffdbb1d6000 	C:\Windows\SYSTEM32\wintypes.dll
0x0000000180000000 - 0x000000018006d000 	C:\Program Files (x86)\DisplayFusion\Hooks\AppHook64_E5BBB63A-E1CC-422E-938D-C575E0581D15.dll
0x00000000527f0000 - 0x000000005280a000 	C:\Program Files\Java\jdk1.8.0_151\jre\bin\net.dll
0x00007ffdbf660000 - 0x00007ffdbf6c6000 	C:\Windows\system32\mswsock.dll
0x00000000527d0000 - 0x00000000527e1000 	C:\Program Files\Java\jdk1.8.0_151\jre\bin\nio.dll
0x00007ffd96c90000 - 0x00007ffd96ce1000 	C:\Users\Jacob Williams\.javacpp\cache\opencv-windows-x86_64.jar\org\bytedeco\javacpp\windows-x86_64\concrt140.dll
0x00007ffd9c130000 - 0x00007ffd9c146000 	C:\Program Files\Java\jdk1.8.0_151\jre\bin\VCRUNTIME140.dll
0x00007ffd95ca0000 - 0x00007ffd95d3c000 	C:\Program Files\Java\jdk1.8.0_151\jre\bin\MSVCP140.dll
0x00007ffd95c00000 - 0x00007ffd95c9d000 	C:\Users\Jacob Williams\.javacpp\cache\opencv-windows-x86_64.jar\org\bytedeco\javacpp\windows-x86_64\msvcp140.dll
0x00007ffd9aa70000 - 0x00007ffd9aa87000 	C:\Users\Jacob Williams\.javacpp\cache\opencv-windows-x86_64.jar\org\bytedeco\javacpp\windows-x86_64\vcruntime140.dll
0x00000000238b0000 - 0x00000000238b3000 	C:\Users\Jacob Williams\.javacpp\cache\opencv-windows-x86_64.jar\org\bytedeco\javacpp\windows-x86_64\api-ms-win-crt-locale-l1-1-0.dll
0x00000000238c0000 - 0x00000000238c4000 	C:\Users\Jacob Williams\.javacpp\cache\opencv-windows-x86_64.jar\org\bytedeco\javacpp\windows-x86_64\api-ms-win-crt-string-l1-1-0.dll
0x00000000238d0000 - 0x00000000238d4000 	C:\Users\Jacob Williams\.javacpp\cache\opencv-windows-x86_64.jar\org\bytedeco\javacpp\windows-x86_64\api-ms-win-crt-stdio-l1-1-0.dll
0x00000000238e0000 - 0x00000000238e5000 	C:\Users\Jacob Williams\.javacpp\cache\opencv-windows-x86_64.jar\org\bytedeco\javacpp\windows-x86_64\api-ms-win-crt-math-l1-1-0.dll
0x00000000238f0000 - 0x00000000238f3000 	C:\Users\Jacob Williams\.javacpp\cache\opencv-windows-x86_64.jar\org\bytedeco\javacpp\windows-x86_64\api-ms-win-crt-heap-l1-1-0.dll
0x0000000023900000 - 0x0000000023904000 	C:\Users\Jacob Williams\.javacpp\cache\opencv-windows-x86_64.jar\org\bytedeco\javacpp\windows-x86_64\api-ms-win-crt-runtime-l1-1-0.dll
0x0000000023910000 - 0x0000000023914000 	C:\Users\Jacob Williams\.javacpp\cache\opencv-windows-x86_64.jar\org\bytedeco\javacpp\windows-x86_64\api-ms-win-crt-convert-l1-1-0.dll
0x0000000023920000 - 0x0000000023923000 	C:\Users\Jacob Williams\.javacpp\cache\opencv-windows-x86_64.jar\org\bytedeco\javacpp\windows-x86_64\api-ms-win-crt-environment-l1-1-0.dll
0x0000000023930000 - 0x0000000023933000 	C:\Users\Jacob Williams\.javacpp\cache\opencv-windows-x86_64.jar\org\bytedeco\javacpp\windows-x86_64\api-ms-win-crt-time-l1-1-0.dll
0x0000000023940000 - 0x0000000023943000 	C:\Users\Jacob Williams\.javacpp\cache\opencv-windows-x86_64.jar\org\bytedeco\javacpp\windows-x86_64\api-ms-win-crt-filesystem-l1-1-0.dll
0x0000000023950000 - 0x0000000023953000 	C:\Users\Jacob Williams\.javacpp\cache\opencv-windows-x86_64.jar\org\bytedeco\javacpp\windows-x86_64\api-ms-win-crt-utility-l1-1-0.dll
0x0000000023960000 - 0x0000000023965000 	C:\Users\Jacob Williams\.javacpp\cache\opencv-windows-x86_64.jar\org\bytedeco\javacpp\windows-x86_64\api-ms-win-crt-multibyte-l1-1-0.dll
0x00007ffd81250000 - 0x00007ffd81556000 	C:\Users\Jacob Williams\.javacpp\cache\opencv-windows-x86_64.jar\org\bytedeco\javacpp\windows-x86_64\opencv_core340.dll
0x00007ffd7f710000 - 0x00007ffd7fb1c000 	C:\Users\Jacob Williams\.javacpp\cache\opencv-windows-x86_64.jar\org\bytedeco\javacpp\windows-x86_64\opencv_imgproc340.dll
0x00007ffd7f390000 - 0x00007ffd7f70b000 	C:\Users\Jacob Williams\.javacpp\cache\opencv-windows-x86_64.jar\org\bytedeco\javacpp\windows-x86_64\jniopencv_core.dll
0x0000000052590000 - 0x00000000525d2000 	C:\Program Files\Java\jdk1.8.0_151\jre\bin\t2k.dll
0x00007ffd95aa0000 - 0x00007ffd95bf5000 	C:\Users\Jacob Williams\.javacpp\cache\opencv-windows-x86_64.jar\org\bytedeco\javacpp\windows-x86_64\jniopencv_imgproc.dll
0x00007ffd91330000 - 0x00007ffd913c3000 	C:\Users\Jacob Williams\.javacpp\cache\opencv-windows-x86_64.jar\org\bytedeco\javacpp\windows-x86_64\opencv_objdetect340.dll
0x00007ffd96c10000 - 0x00007ffd96c89000 	C:\Users\Jacob Williams\.javacpp\cache\opencv-windows-x86_64.jar\org\bytedeco\javacpp\windows-x86_64\jniopencv_objdetect.dll
0x00007ffd7f0c0000 - 0x00007ffd7f38c000 	C:\Users\Jacob Williams\.javacpp\cache\opencv-windows-x86_64.jar\org\bytedeco\javacpp\windows-x86_64\opencv_imgcodecs340.dll
0x00007ffd96ec0000 - 0x00007ffd96ef4000 	C:\Users\Jacob Williams\.javacpp\cache\opencv-windows-x86_64.jar\org\bytedeco\javacpp\windows-x86_64\jniopencv_imgcodecs.dll
0x00007ffd91b30000 - 0x00007ffd91b7b000 	C:\Users\Jacob Williams\.javacpp\cache\opencv-windows-x86_64.jar\org\bytedeco\javacpp\windows-x86_64\opencv_videoio340.dll
0x00007ffd9a300000 - 0x00007ffd9a31f000 	C:\Windows\SYSTEM32\AVIFIL32.dll
0x00007ffd971b0000 - 0x00007ffd971c8000 	C:\Windows\SYSTEM32\AVICAP32.dll
0x00007ffd9d690000 - 0x00007ffd9d6ac000 	C:\Windows\SYSTEM32\MSACM32.dll
0x00007ffd90ea0000 - 0x00007ffd90ec9000 	C:\Windows\SYSTEM32\MSVFW32.dll
0x00007ffd95a80000 - 0x00007ffd95a9f000 	C:\Users\Jacob Williams\.javacpp\cache\opencv-windows-x86_64.jar\org\bytedeco\javacpp\windows-x86_64\jniopencv_videoio.dll
0x00007ffdc1a90000 - 0x00007ffdc1b2e000 	C:\Windows\System32\clbcatq.dll
0x00007ffdaaef0000 - 0x00007ffdaaf08000 	C:\Windows\System32\devenum.dll
0x00007ffdbfbe0000 - 0x00007ffdbfc07000 	C:\Windows\SYSTEM32\DEVOBJ.dll
0x00007ffda7210000 - 0x00007ffda721a000 	C:\Windows\SYSTEM32\msdmo.dll
0x00007ffd90e60000 - 0x00007ffd90e93000 	C:\Windows\System32\qcap.dll
0x00007ffda5670000 - 0x00007ffda582c000 	C:\Windows\System32\quartz.dll
0x00007ffd96a20000 - 0x00007ffd96a6e000 	C:\Windows\System32\mfksproxy.dll
0x00007ffdae120000 - 0x00007ffdae13d000 	C:\Windows\System32\ATL.DLL
0x00007ffd9b8a0000 - 0x00007ffd9b8d6000 	C:\Windows\System32\MFSENSORGROUP.dll
0x00007ffda5190000 - 0x00007ffda5341000 	C:\Windows\System32\MFPlat.DLL
0x00007ffda5450000 - 0x00007ffda5482000 	C:\Windows\System32\RTWorkQ.DLL
0x00007ffd969d0000 - 0x00007ffd96a19000 	C:\Windows\System32\ksproxy.ax
0x00007ffdac4d0000 - 0x00007ffdac4d9000 	C:\Windows\System32\ksuser.dll
0x00007ffdba3d0000 - 0x00007ffdba44b000 	C:\Windows\SYSTEM32\policymanager.dll
0x00007ffdbbd00000 - 0x00007ffdbbd90000 	C:\Windows\System32\msvcp110_win.dll
0x00007ffdb13d0000 - 0x00007ffdb13dc000 	C:\Windows\System32\vidcap.ax
0x00007ffd98b70000 - 0x00007ffd98b96000 	C:\Windows\System32\kswdmcap.ax
0x00007ffd84500000 - 0x00007ffd84665000 	C:\Windows\System32\MFC42.dll
0x00007ffd84460000 - 0x00007ffd84500000 	C:\Windows\System32\qedit.dll
0x00007ffdc14a0000 - 0x00007ffdc15aa000 	C:\Windows\System32\COMDLG32.dll
0x00007ffdb89f0000 - 0x00007ffdb8b8c000 	C:\Windows\WinSxS\amd64_microsoft.windows.gdiplus_6595b64144ccf1df_1.1.16299.192_none_46b3c093edf73c09\gdiplus.dll
0x00007ffd98040000 - 0x00007ffd98136000 	C:\Windows\System32\DDRAW.dll
0x00007ffdbec40000 - 0x00007ffdbecef000 	C:\Windows\System32\dxgi.dll
0x00007ffda6250000 - 0x00007ffda6258000 	C:\Windows\System32\DCIMAN32.dll
0x00007ffdb1f40000 - 0x00007ffdb2108000 	C:\Windows\SYSTEM32\dbghelp.dll

VM Arguments:
jvm_args: -Dfile.encoding=UTF-8 -Djava.library.path=G:\opencv\build\java\x64 
java_command: testing.test
java_class_path (initial): G:\Uni\third_year\DSP\faceRecognition\lib\OpenCV3.4.0\opencv-340.jar;G:\Uni\third_year\DSP\faceRecognition\lib\javacv\javacv-platform.jar;G:\Uni\third_year\DSP\faceRecognition\lib\javacv\javacv.jar;G:\Uni\third_year\DSP\faceRecognition\lib\ffmpeg-platform.jar;G:\Uni\third_year\DSP\faceRecognition\lib\ffmpeg-windows-x86_64.jar;G:\Uni\third_year\DSP\faceRecognition\lib\ffmpeg.jar;G:\Uni\third_year\DSP\faceRecognition\lib\javacpp.jar;G:\Uni\third_year\DSP\faceRecognition\lib\opencv-windows-x86_64.jar;G:\Uni\third_year\DSP\faceRecognition\lib\opencv.jar;G:\Uni\third_year\DSP\faceRecognition\build\classes
Launcher Type: SUN_STANDARD

Environment Variables:
PATH=C:\ProgramData\Oracle\Java\javapath;C:\Windows\system32;C:\Windows;C:\Windows\System32\Wbem;C:\Windows\System32\WindowsPowerShell\v1.0\;C:\Program Files (x86)\NVIDIA Corporation\PhysX\Common;C:\Users\Jacob Williams\AppData\Local\Microsoft\WindowsApps;
USERNAME=Jacob Williams
OS=Windows_NT
PROCESSOR_IDENTIFIER=Intel64 Family 6 Model 60 Stepping 3, GenuineIntel



---------------  S Y S T E M  ---------------

OS: Windows 10.0 , 64 bit Build 16299 (10.0.16299.15)

CPU:total 8 (initial active 8) (4 cores per cpu, 2 threads per core) family 6 model 60 stepping 3, cmov, cx8, fxsr, mmx, sse, sse2, sse3, ssse3, sse4.1, sse4.2, popcnt, avx, avx2, aes, clmul, erms, lzcnt, ht, tsc, tscinvbit, bmi1, bmi2

Memory: 4k page, physical 8329744k(2919216k free), swap 12524048k(4782032k free)

vm_info: Java HotSpot(TM) 64-Bit Server VM (25.151-b12) for windows-amd64 JRE (1.8.0_151-b12), built on Sep  5 2017 19:33:46 by "java_re" with MS VC++ 10.0 (VS2010)

time: Wed Feb 14 14:42:21 2018
elapsed time: 1 seconds (0d 0h 0m 1s)

